<?xml version="1.0" encoding="UTF-8"?>
<!-- Generated by org.testng.reporters.JUnitXMLReporter -->
<testsuite hostname="QTLSYS2-94" ignored="0" name="Default test" tests="18" failures="1" timestamp="11 Sep 2019 05:42:32 GMT" time="8.878" errors="0">
  <testcase name="@AfterMethod getResult" time="0.015" classname="pack.AA_TN_PDL">
    <failure type="java.lang.NullPointerException">
      <![CDATA[java.lang.NullPointerException
at pack.AA_TN_PDL.getResult(AA_TN_PDL.java:4246)
at sun.reflect.NativeMethodAccessorImpl.invoke0(Native Method)
at sun.reflect.NativeMethodAccessorImpl.invoke(Unknown Source)
at sun.reflect.DelegatingMethodAccessorImpl.invoke(Unknown Source)
at java.lang.reflect.Method.invoke(Unknown Source)
at org.testng.internal.MethodInvocationHelper.invokeMethod(MethodInvocationHelper.java:124)
at org.testng.internal.MethodInvocationHelper.invokeMethodConsideringTimeout(MethodInvocationHelper.java:59)
at org.testng.internal.Invoker.invokeConfigurationMethod(Invoker.java:458)
at org.testng.internal.Invoker.invokeConfigurations(Invoker.java:222)
at org.testng.internal.Invoker.invokeMethod(Invoker.java:646)
at org.testng.internal.Invoker.invokeTestMethod(Invoker.java:719)
at org.testng.internal.Invoker.invokeTestMethods(Invoker.java:989)
at org.testng.internal.TestMethodWorker.invokeTestMethods(TestMethodWorker.java:125)
at org.testng.internal.TestMethodWorker.run(TestMethodWorker.java:109)
at org.testng.TestRunner.privateRun(TestRunner.java:648)
at org.testng.TestRunner.run(TestRunner.java:505)
at org.testng.SuiteRunner.runTest(SuiteRunner.java:455)
at org.testng.SuiteRunner.runSequentially(SuiteRunner.java:450)
at org.testng.SuiteRunner.privateRun(SuiteRunner.java:415)
at org.testng.SuiteRunner.run(SuiteRunner.java:364)
at org.testng.SuiteRunnerWorker.runSuite(SuiteRunnerWorker.java:52)
at org.testng.SuiteRunnerWorker.run(SuiteRunnerWorker.java:84)
at org.testng.TestNG.runSuitesSequentially(TestNG.java:1208)
at org.testng.TestNG.runSuitesLocally(TestNG.java:1137)
at org.testng.TestNG.runSuites(TestNG.java:1049)
at org.testng.TestNG.run(TestNG.java:1017)
at org.testng.remote.AbstractRemoteTestNG.run(AbstractRemoteTestNG.java:114)
at org.testng.remote.RemoteTestNG.initAndRun(RemoteTestNG.java:251)
at org.testng.remote.RemoteTestNG.main(RemoteTestNG.java:77)
]]>
    </failure>
  </testcase> <!-- @AfterMethod getResult -->
  <testcase name="@AfterMethod tearDown" time="0.0" classname="pack.AA_TN_PDL">
    <skipped/>
  </testcase> <!-- @AfterMethod tearDown -->
  <testcase name="@AfterMethod tearDown" time="0.0" classname="pack.AA_TN_PDL">
    <skipped/>
  </testcase> <!-- @AfterMethod tearDown -->
  <testcase name="@AfterMethod tearDown" time="0.0" classname="pack.AA_TN_PDL">
    <skipped/>
  </testcase> <!-- @AfterMethod tearDown -->
  <testcase name="@AfterMethod tearDown" time="0.0" classname="pack.AA_TN_PDL">
    <skipped/>
  </testcase> <!-- @AfterMethod tearDown -->
  <testcase name="@AfterMethod tearDown" time="0.0" classname="pack.AA_TN_PDL">
    <skipped/>
  </testcase> <!-- @AfterMethod tearDown -->
  <testcase name="@AfterMethod tearDown" time="0.0" classname="pack.AA_TN_PDL">
    <skipped/>
  </testcase> <!-- @AfterMethod tearDown -->
  <testcase name="@AfterMethod tearDown" time="0.0" classname="pack.AA_TN_PDL">
    <skipped/>
  </testcase> <!-- @AfterMethod tearDown -->
  <testcase name="@AfterMethod tearDown" time="0.0" classname="pack.AA_TN_PDL">
    <skipped/>
  </testcase> <!-- @AfterMethod tearDown -->
  <testcase name="@AfterMethod tearDown" time="0.0" classname="pack.AA_TN_PDL">
    <skipped/>
  </testcase> <!-- @AfterMethod tearDown -->
  <testcase name="@AfterMethod tearDown" time="0.0" classname="pack.AA_TN_PDL">
    <skipped/>
  </testcase> <!-- @AfterMethod tearDown -->
  <testcase name="@AfterMethod tearDown" time="0.0" classname="pack.AA_TN_PDL">
    <skipped/>
  </testcase> <!-- @AfterMethod tearDown -->
  <testcase name="@AfterMethod tearDown" time="0.0" classname="pack.AA_TN_PDL">
    <skipped/>
  </testcase> <!-- @AfterMethod tearDown -->
  <testcase name="@AfterMethod tearDown" time="0.0" classname="pack.AA_TN_PDL">
    <skipped/>
  </testcase> <!-- @AfterMethod tearDown -->
  <testcase name="@AfterMethod tearDown" time="0.0" classname="pack.AA_TN_PDL">
    <skipped/>
  </testcase> <!-- @AfterMethod tearDown -->
  <testcase name="@AfterMethod tearDown" time="0.0" classname="pack.AA_TN_PDL">
    <skipped/>
  </testcase> <!-- @AfterMethod tearDown -->
  <testcase name="@AfterMethod tearDown" time="0.0" classname="pack.AA_TN_PDL">
    <skipped/>
  </testcase> <!-- @AfterMethod tearDown -->
  <testcase name="@AfterMethod tearDown" time="0.0" classname="pack.AA_TN_PDL">
    <skipped/>
  </testcase> <!-- @AfterMethod tearDown -->
  <testcase name="@AfterMethod tearDown" time="0.0" classname="pack.AA_TN_PDL">
    <skipped/>
  </testcase> <!-- @AfterMethod tearDown -->
  <testcase name="@AfterTest tearDown" time="0.0" classname="pack.AA_TN_PDL">
    <skipped/>
  </testcase> <!-- @AfterTest tearDown -->
  <testcase name="Partialpayment_void" time="0.0" classname="pack.AA_TN_PDL">
    <failure type="java.io.FileNotFoundException" message="C:\AA_Batch\AA_PDL\TestData\anji\TN_PDL\AA_Partialpayment_void_Txn_Testdata.xls (The system cannot find the path specified)">
      <![CDATA[java.io.FileNotFoundException: C:\AA_Batch\AA_PDL\TestData\anji\TN_PDL\AA_Partialpayment_void_Txn_Testdata.xls (The system cannot find the path specified)
at java.io.FileInputStream.open0(Native Method)
at java.io.FileInputStream.open(Unknown Source)
at java.io.FileInputStream.<init>(Unknown Source)
at java.io.FileInputStream.<init>(Unknown Source)
at pack.Excel.<init>(Excel.java:34)
at pack.AA_TN_PDL.Partialpayment_void(AA_TN_PDL.java:555)
at sun.reflect.NativeMethodAccessorImpl.invoke0(Native Method)
at sun.reflect.NativeMethodAccessorImpl.invoke(Unknown Source)
at sun.reflect.DelegatingMethodAccessorImpl.invoke(Unknown Source)
at java.lang.reflect.Method.invoke(Unknown Source)
at org.testng.internal.MethodInvocationHelper.invokeMethod(MethodInvocationHelper.java:124)
at org.testng.internal.Invoker.invokeMethod(Invoker.java:583)
at org.testng.internal.Invoker.invokeTestMethod(Invoker.java:719)
at org.testng.internal.Invoker.invokeTestMethods(Invoker.java:989)
at org.testng.internal.TestMethodWorker.invokeTestMethods(TestMethodWorker.java:125)
at org.testng.internal.TestMethodWorker.run(TestMethodWorker.java:109)
at org.testng.TestRunner.privateRun(TestRunner.java:648)
at org.testng.TestRunner.run(TestRunner.java:505)
at org.testng.SuiteRunner.runTest(SuiteRunner.java:455)
at org.testng.SuiteRunner.runSequentially(SuiteRunner.java:450)
at org.testng.SuiteRunner.privateRun(SuiteRunner.java:415)
at org.testng.SuiteRunner.run(SuiteRunner.java:364)
at org.testng.SuiteRunnerWorker.runSuite(SuiteRunnerWorker.java:52)
at org.testng.SuiteRunnerWorker.run(SuiteRunnerWorker.java:84)
at org.testng.TestNG.runSuitesSequentially(TestNG.java:1208)
at org.testng.TestNG.runSuitesLocally(TestNG.java:1137)
at org.testng.TestNG.runSuites(TestNG.java:1049)
at org.testng.TestNG.run(TestNG.java:1017)
at org.testng.remote.AbstractRemoteTestNG.run(AbstractRemoteTestNG.java:114)
at org.testng.remote.RemoteTestNG.initAndRun(RemoteTestNG.java:251)
at org.testng.remote.RemoteTestNG.main(RemoteTestNG.java:77)
]]>
    </failure>
  </testcase> <!-- Partialpayment_void -->
  <testcase name="Partialpayment_agestorevoid" time="0.0" classname="pack.AA_TN_PDL">
    <skipped/>
  </testcase> <!-- Partialpayment_agestorevoid -->
  <testcase name="NewLoan_AgeStore_BuyBack" time="0.0" classname="pack.AA_TN_PDL">
    <skipped/>
  </testcase> <!-- NewLoan_AgeStore_BuyBack -->
  <testcase name="NewLoan_AgeStore_BuyBack_2Tendertype_DiffNum_TranssionShouldBeprocessed" time="0.0" classname="pack.AA_TN_PDL">
    <skipped/>
  </testcase> <!-- NewLoan_AgeStore_BuyBack_2Tendertype_DiffNum_TranssionShouldBeprocessed -->
  <testcase name="NewLoan_AgeStore_BuyBack_2Tendertype_DiffNum_TranssionShouldBeprocessed_BuyBackVoidWithOriginalTender" time="0.0" classname="pack.AA_TN_PDL">
    <skipped/>
  </testcase> <!-- NewLoan_AgeStore_BuyBack_2Tendertype_DiffNum_TranssionShouldBeprocessed_BuyBackVoidWithOriginalTender -->
  <testcase name="PartialPayment_BuyBackChange_Void" time="0.0" classname="pack.AA_TN_PDL">
    <skipped/>
  </testcase> <!-- PartialPayment_BuyBackChange_Void -->
  <testcase name="NewLoan_AgeStore_BuyBack_2Tendertype_DiffNum_TranssionShouldBeprocessed_BuyBackVoidwithCash" time="0.0" classname="pack.AA_TN_PDL">
    <skipped/>
  </testcase> <!-- NewLoan_AgeStore_BuyBack_2Tendertype_DiffNum_TranssionShouldBeprocessed_BuyBackVoidwithCash -->
  <testcase name="NewLoan_AgeStore_BuyBack_2Tendertype_DiffNum_TranssionShouldBeprocessed_BuyBackNextProcessingday_OnlyCashshouldbeAvalible" time="0.0" classname="pack.AA_TN_PDL">
    <skipped/>
  </testcase> <!-- NewLoan_AgeStore_BuyBack_2Tendertype_DiffNum_TranssionShouldBeprocessed_BuyBackNextProcessingday_OnlyCashshouldbeAvalible -->
  <testcase name="NewLoan_AgeStore_BuyBack_2Tendertype_Mo_SameNum_TranssionShouldnotbeprocessed" time="0.0" classname="pack.AA_TN_PDL">
    <skipped/>
  </testcase> <!-- NewLoan_AgeStore_BuyBack_2Tendertype_Mo_SameNum_TranssionShouldnotbeprocessed -->
  <testcase name="NewLoan_AgeStore_BuyBack_CCK_2Tendertype_DiffNum_TranssionShouldBeprocessed" time="0.0" classname="pack.AA_TN_PDL">
    <skipped/>
  </testcase> <!-- NewLoan_AgeStore_BuyBack_CCK_2Tendertype_DiffNum_TranssionShouldBeprocessed -->
  <testcase name="NewLoan_AgeStore_BuyBack_CCK_2Tendertype_DiffNum_TranssionShouldBeprocessed_BuyBackVoidWithOriginalTender" time="0.0" classname="pack.AA_TN_PDL">
    <skipped/>
  </testcase> <!-- NewLoan_AgeStore_BuyBack_CCK_2Tendertype_DiffNum_TranssionShouldBeprocessed_BuyBackVoidWithOriginalTender -->
  <testcase name="NewLoan_AgeStore_BuyBack_CCK_2Tendertype_DiffNum_TranssionShouldBeprocessed_BuyBackVoidWithCash" time="0.0" classname="pack.AA_TN_PDL">
    <skipped/>
  </testcase> <!-- NewLoan_AgeStore_BuyBack_CCK_2Tendertype_DiffNum_TranssionShouldBeprocessed_BuyBackVoidWithCash -->
  <testcase name="NewLoan_AgeStore_BuyBack_CCK_2Tendertype_DiffNum_TranssionShouldBeprocessed_BuyBackNextProcessingday_OnlyCashshouldbeAvalible" time="0.0" classname="pack.AA_TN_PDL">
    <skipped/>
  </testcase> <!-- NewLoan_AgeStore_BuyBack_CCK_2Tendertype_DiffNum_TranssionShouldBeprocessed_BuyBackNextProcessingday_OnlyCashshouldbeAvalible -->
  <testcase name="NewLoan_AgeStore_BuyBack_2Tendertype_CCK_SameNum_TranssionShouldnotbeprocessed" time="0.0" classname="pack.AA_TN_PDL">
    <skipped/>
  </testcase> <!-- NewLoan_AgeStore_BuyBack_2Tendertype_CCK_SameNum_TranssionShouldnotbeprocessed -->
  <testcase name="NewLoan_AgeStore_BuyBack_2Tendertype_CashTranssionShouldnotbeprocessed" time="0.0" classname="pack.AA_TN_PDL">
    <skipped/>
  </testcase> <!-- NewLoan_AgeStore_BuyBack_2Tendertype_CashTranssionShouldnotbeprocessed -->
  <testcase name="NewLoan_AgeStore_BuyBack_2Tendertype_DiffNum_MiddayDeposit_BuyBackVoid" time="0.0" classname="pack.AA_TN_PDL">
    <skipped/>
  </testcase> <!-- NewLoan_AgeStore_BuyBack_2Tendertype_DiffNum_MiddayDeposit_BuyBackVoid -->
  <testcase name="Newloan_VoidPrePayment" time="0.0" classname="pack.AA_TN_PDL">
    <skipped/>
  </testcase> <!-- Newloan_VoidPrePayment -->
  <testcase name="Newloan_PartialPayment_Deposit_Clear_Refund" time="0.0" classname="pack.AA_TN_PDL">
    <skipped/>
  </testcase> <!-- Newloan_PartialPayment_Deposit_Clear_Refund -->
</testsuite> <!-- Default test -->
